     17     70

sp_P78556_CCL20_HUMAN_C-C       -CCLGYTDR- ILHPKFI--- ---VGFT--R QLANEG---- --CDINAII- ---------F HTKKKLSVC- 
sp_P97884_CCL20_RAT_C-C_m       -CCLTYTKN- VYHHARN--- --FVGFT--T QMADEA---- --CDINAII- ---------F HLKSKRSVC- 
tr_E1BH62_E1BH62_BOVIN_Ch       -ICVSLTTQ- RLPIKNI--- ---KTYT--- ---IKE---- --GSMKAVI- ---------F ITRRGLKVC- 
sp_P47992_XCL1_HUMAN_Lymp       -TCVSLTTQ- RLPVSRI--- ---KTYT--- ---ITE---- --GSLRAVI- ---------F ITKRGLKVC- 
sp_P47993_XCL1_MOUSE_Lymp       -SCVNLQTQ- RLPVQKI--- ---KTYI--- ---IWE---- --GAMRAVI- ---------F VTKRGLKIC- 
sp_P51672_XCL1_RAT_Lympho       -ICVSLRTQ- RLPVQKI--- ---KTYT--- ---IKE---- --GAMRAVI- ---------F VTKRGLRIC- 
tr_F1RPV4_F1RPV4_PIG_Chem       -ICVSLTTR- RLPVKNI--- ---KTYT--- ---IKE---- --GSMKAVI- ---------F ITRRGLKVC- 
tr_A0A3Q2IDW7_A0A3Q2IDW7_       -ICVSLTTR- RLPVKNI--- ---KTYT--- ---IKE---- --GSMRAII- ---------F ITKRGLKVC- 
tr_A0A8C0PT44_A0A8C0PT44_       -ICMSLTTK- RLPVKSI--- ---KTYT--- ---IKE---- --GSMRAVI- ---------F ITRRGFKFC- 
tr_A0A8C3F9M1_A0A8C3F9M1_       -ACVDLSTQ- ELDIRRL--- ---VKYE--- ---TQH---- --IPVKAVM- ---------F ITKRGIKIC- 
tr_A0A8M1P631_A0A8M1P631_       --CLTTSDR- RIPQKVV--- ---TTFT--- ---LQT---- --GEGGCRV- ---------P ATIFVTKKGL 
tr_F6PM94_F6PM94_MONDO_Cy       -FCVSLTSK- RIPVNSV--- ---KSYI--- ---IEE---- --GSMRAVI- ---------F VTRKGIKIC- 
tr_F7A481_F7A481_ORNAN_Ch       -ICVSLTNQ- PIKINAL--- ---KKYT--- ---IQE---- --GPMKAVI- ---------F FTRRGIKFC- 
1j8i_chainA_p012                -TCVSLTTQ- RLPVSRI--- ---KTYT--- ---ITE---- --GSLRAVI- ---------F ITKRGLKVC- 
tr_A0A8B9SSG6_A0A8B9SSG6_       FSCVTLSTQ- KLDIRQL--- ---VNYE--- ---KQQ---- --VPLNAVM- ---------F ITAKGIKIC- 
tr_G1NNG1_G1NNG1_MELGA_Ch       LSCVNLSTQ- KVDIRSI--- ---VNYE--- ---KQE---- --VPVEAVM- ---------F ITTNGIRIC- 
tr_H0ZT85_H0ZT85_TAEGU_Mo       FKCVNLSTR- QLNIRNL--- ---VNYE--- ---KQQ---- --VPTDAIM- ---------F LTAGGIKIC- 



Printing out site pattern counts


        17         47  P

sp_P78556_CCL20_HUMAN_C-C       ----AACCCC DDEFFFGGGH HIIIIIKKKK LLLLNNPQRR STTTVVY
sp_P97884_CCL20_RAT_C-C_m       ---FAACCCC DKEFFRAGTH HIIINVAKKS LMRYDNHQNT SLTTVVY
tr_E1BH62_E1BH62_BOVIN_Ch       -----ACCGI STKFYNETSI PIMVIRKGRR V-LLIKI-Q- KTTTKVL
sp_P47992_XCL1_HUMAN_Lymp       -----ACCGT STTFYRETSI PILVIRSGKR V-LLIRV-Q- KTTTKVL
sp_P47993_XCL1_MOUSE_Lymp       -----ACCGS ATWFYKETNV PIMVIRQGKR V-LLIRV-Q- KTIQKIL
sp_P51672_XCL1_RAT_Lympho       -----ACCGI ATKFYKETSV PIMVIRQGKR V-LLIRV-Q- RTTRKIL
tr_F1RPV4_F1RPV4_PIG_Chem       -----ACCGI STKFYNETSI PIMVIRKGRR V-LLIKV-R- KTTTKVL
tr_A0A3Q2IDW7_A0A3Q2IDW7_       -----ACCGI STKFYNETSI PIMIIRKGKR V-LLIRV-R- KTTTKVL
tr_A0A8C0PT44_A0A8C0PT44_       -----ACCGI STKFYSETSI PIMVIRKGRR M-FLIRV-K- KTTTKFL
tr_A0A8C3F9M1_A0A8C3F9M1_       -----ACCIA PTQFYRHKDI DMVVLERGKR V-ILTKI-Q- KTESVIL
tr_A0A8M1P631_A0A8M1P631_       --L--CCGG- EDQPFVTTTA PVGRVRKVIF L-TILGQ-R- KTTSTKT
tr_F6PM94_F6PM94_MONDO_Cy       -----ACCGF SSEFYSESSV PIMVVRNGRK V-IIIRV-K- KTITKIL
tr_F7A481_F7A481_ORNAN_Ch       -----ACCGI PNQFYAEKSF KIMVLPNGRR V-IIIKI-Q- KTTTKFL
1j8i_chainA_p012                -----ACCGT STTFYRETSI PILVIRSGKR V-LLIRV-Q- KTTTKVL
tr_A0A8B9SSG6_A0A8B9SSG6_       -F---ACCVS PTQFYQQNTI DMLVLKRGAK V-ILKNI-Q- KTESVIL
tr_G1NNG1_G1NNG1_MELGA_Ch       -L---ACCVS PTQFYSENNI DMVVIKRGTN V-IVKEI-Q- RTESVIL
tr_H0ZT85_H0ZT85_TAEGU_Mo       -F---ACCVK PTQFYNQNNL NMTILQRGAG V-ILKDI-R- KTESVIL



   24    1    1    1    1    1    1    1    1    1    1    1    1    1    1
    1    1    1    1    1    1    1    1    1    1    1    1    1    1    1
    1    1    1    1    1    1    1    1    1    1    1    1    1    1    1
    1    1

AAML (in paml version 4.10.9, 7 May 2025)  core70_XCL1_CCL20_only.phy
Model: Empirical,  (jones.dat) dGamma (ncatG=4) ns =  17  ls =  70


Frequencies..
                                    A      R      N      D      C      Q      E      G      H      I      L      K      M      F      P      S      T      W      Y      V
sp_P78556_CCL20_HUMAN_C-C      0.04651 0.04651 0.04651 0.04651 0.09302 0.02326 0.02326 0.06977 0.04651 0.11628 0.09302 0.09302 0.00000 0.06977 0.02326 0.02326 0.06977 0.00000 0.02326 0.04651
sp_P97884_CCL20_RAT_C-C_m      0.09091 0.04545 0.06818 0.04545 0.09091 0.02273 0.02273 0.02273 0.06818 0.06818 0.04545 0.06818 0.02273 0.06818 0.00000 0.04545 0.09091 0.00000 0.04545 0.06818
tr_E1BH62_E1BH62_BOVIN_Ch      0.02564 0.07692 0.02564 0.00000 0.05128 0.02564 0.02564 0.05128 0.00000 0.15385 0.07692 0.12821 0.02564 0.02564 0.02564 0.05128 0.12821 0.00000 0.02564 0.07692
sp_P47992_XCL1_HUMAN_Lymp      0.02564 0.10256 0.00000 0.00000 0.05128 0.02564 0.02564 0.05128 0.00000 0.10256 0.10256 0.07692 0.00000 0.02564 0.02564 0.07692 0.17949 0.00000 0.02564 0.10256
sp_P47993_XCL1_MOUSE_Lymp      0.05128 0.07692 0.02564 0.00000 0.05128 0.07692 0.02564 0.05128 0.00000 0.12821 0.07692 0.10256 0.02564 0.02564 0.02564 0.02564 0.07692 0.02564 0.02564 0.10256
sp_P51672_XCL1_RAT_Lympho      0.05128 0.12821 0.00000 0.00000 0.05128 0.05128 0.02564 0.05128 0.00000 0.12821 0.07692 0.10256 0.02564 0.02564 0.02564 0.02564 0.10256 0.00000 0.02564 0.10256
tr_F1RPV4_F1RPV4_PIG_Chem      0.02564 0.10256 0.02564 0.00000 0.05128 0.00000 0.02564 0.05128 0.00000 0.12821 0.07692 0.12821 0.02564 0.02564 0.02564 0.05128 0.12821 0.00000 0.02564 0.10256
tr_A0A3Q2IDW7_A0A3Q2IDW7_      0.02564 0.10256 0.02564 0.00000 0.05128 0.00000 0.02564 0.05128 0.00000 0.15385 0.07692 0.12821 0.02564 0.02564 0.02564 0.05128 0.12821 0.00000 0.02564 0.07692
tr_A0A8C0PT44_A0A8C0PT44_      0.02564 0.10256 0.00000 0.00000 0.05128 0.00000 0.02564 0.05128 0.00000 0.12821 0.05128 0.12821 0.05128 0.07692 0.02564 0.07692 0.12821 0.00000 0.02564 0.05128
tr_A0A8C3F9M1_A0A8C3F9M1_      0.05128 0.07692 0.00000 0.05128 0.05128 0.05128 0.05128 0.02564 0.02564 0.12821 0.07692 0.10256 0.02564 0.02564 0.02564 0.02564 0.07692 0.00000 0.02564 0.10256
tr_A0A8M1P631_A0A8M1P631_      0.02564 0.07692 0.00000 0.02564 0.05128 0.05128 0.02564 0.10256 0.00000 0.05128 0.07692 0.07692 0.00000 0.05128 0.05128 0.02564 0.20513 0.00000 0.00000 0.10256
tr_F6PM94_F6PM94_MONDO_Cy      0.02564 0.07692 0.02564 0.00000 0.05128 0.00000 0.05128 0.05128 0.00000 0.15385 0.02564 0.10256 0.02564 0.05128 0.02564 0.12821 0.05128 0.00000 0.02564 0.12821
tr_F7A481_F7A481_ORNAN_Ch      0.05128 0.05128 0.05128 0.00000 0.05128 0.05128 0.02564 0.05128 0.00000 0.15385 0.05128 0.12821 0.02564 0.07692 0.05128 0.02564 0.07692 0.00000 0.02564 0.05128
1j8i_chainA_p012               0.02564 0.10256 0.00000 0.00000 0.05128 0.02564 0.02564 0.05128 0.00000 0.10256 0.10256 0.07692 0.00000 0.02564 0.02564 0.07692 0.17949 0.00000 0.02564 0.10256
tr_A0A8B9SSG6_A0A8B9SSG6_      0.05000 0.02500 0.05000 0.02500 0.05000 0.10000 0.02500 0.02500 0.00000 0.10000 0.10000 0.10000 0.02500 0.05000 0.02500 0.05000 0.07500 0.00000 0.02500 0.10000
tr_G1NNG1_G1NNG1_MELGA_Ch      0.02500 0.05000 0.07500 0.02500 0.05000 0.05000 0.07500 0.02500 0.00000 0.12500 0.05000 0.05000 0.02500 0.02500 0.02500 0.07500 0.07500 0.00000 0.02500 0.15000
tr_H0ZT85_H0ZT85_TAEGU_Mo      0.05000 0.05000 0.10000 0.02500 0.05000 0.07500 0.02500 0.05000 0.00000 0.10000 0.10000 0.07500 0.02500 0.05000 0.02500 0.02500 0.07500 0.00000 0.02500 0.07500

Homogeneity statistic: X2 = 4.46206 G = 4.22487 

Average                        0.04000 0.07556 0.03111 0.01481 0.05630 0.03704 0.03111 0.04889 0.00889 0.11852 0.07407 0.09778 0.02074 0.04296 0.02667 0.05037 0.10815 0.00148 0.02519 0.09037
(Ambiguity characters are used to calculate freqs.)


# constant sites:     25 (35.71%)
AA distances (raw proportions of different sites)

sp_P78556_CCL20_HUMAN_C-C
sp_P97884_CCL20_RAT_C-C_m  0.2429
tr_E1BH62_E1BH62_BOVIN_Ch  0.4286  0.5143
sp_P47992_XCL1_HUMAN_Lymp  0.4286  0.4857  0.1143
sp_P47993_XCL1_MOUSE_Lymp  0.4714  0.5429  0.1857  0.1571
sp_P51672_XCL1_RAT_Lympho  0.4571  0.5286  0.1429  0.1429  0.0857
tr_F1RPV4_F1RPV4_PIG_Chem  0.4143  0.5143  0.0286  0.1143  0.1857  0.1429
tr_A0A3Q2IDW7_A0A3Q2IDW7_  0.3857  0.4857  0.0714  0.1000  0.1714  0.1286  0.0429
tr_A0A8C0PT44_A0A8C0PT44_  0.4571  0.5286  0.1000  0.1429  0.2000  0.1571  0.0857  0.1000
tr_A0A8C3F9M1_A0A8C3F9M1_  0.5000  0.5286  0.3000  0.3000  0.3143  0.3286  0.3286  0.3429  0.3571
tr_A0A8M1P631_A0A8M1P631_  0.5143  0.5714  0.4429  0.4571  0.4714  0.4714  0.4286  0.4286  0.4429  0.5000
tr_F6PM94_F6PM94_MONDO_Cy  0.4857  0.5286  0.2286  0.2286  0.2143  0.2286  0.2143  0.2286  0.1857  0.3714  0.4571
tr_F7A481_F7A481_ORNAN_Ch  0.5000  0.5286  0.1857  0.2571  0.2857  0.2571  0.2143  0.2571  0.2286  0.2714  0.4714  0.2286
1j8i_chainA_p012  0.4286  0.4857  0.1143  0.0000  0.1571  0.1429  0.1143  0.1000  0.1429  0.3000  0.4571  0.2286  0.2571
tr_A0A8B9SSG6_A0A8B9SSG6_  0.5000  0.5429  0.3429  0.3429  0.3429  0.3714  0.3714  0.3857  0.3857  0.1857  0.5000  0.3714  0.3286  0.3429
tr_G1NNG1_G1NNG1_MELGA_Ch  0.5286  0.5714  0.3429  0.3571  0.3286  0.3429  0.3714  0.3857  0.3714  0.2143  0.5286  0.3714  0.3429  0.3571  0.1571
tr_H0ZT85_H0ZT85_TAEGU_Mo  0.5000  0.5571  0.3714  0.4000  0.3714  0.4000  0.3714  0.3571  0.4143  0.2429  0.5000  0.4000  0.3571  0.4000  0.1571  0.2286

TREE #  1:  (17, 16, (15, (10, (13, (3, (7, ((8, ((14, 4), (5, 6))), (9, (12, (11, (2, 1)))))))))));   MP score: -1
lnL(ntime: 31  np: 32):   -873.167856      +0.000000
  18..17   18..16   18..19   19..15   19..20   20..10   20..21   21..13   21..22   22..3    22..23   23..7    23..24   24..25   25..8    25..26   26..27   27..14   27..4    26..28   28..5    28..6    24..29   29..9    29..30   30..12   30..31   31..11   31..32   32..2    32..1  
 0.285392 0.230701 0.024689 0.084062 0.207330 0.121218 0.639093 0.242988 0.224620 0.000004 0.050270 0.000004 0.025236 0.025239 0.024984 0.062577 0.136643 0.000004 0.000004 0.137766 0.153223 0.027672 0.043370 0.093077 0.052607 0.308254 0.557774 1.985711 1.142815 0.647281 0.000005 3.495359

tree length =  7.534612

(17: 0.285392, 16: 0.230701, (15: 0.084062, (10: 0.121218, (13: 0.242988, (3: 0.000004, (7: 0.000004, ((8: 0.024984, ((14: 0.000004, 4: 0.000004): 0.136643, (5: 0.153223, 6: 0.027672): 0.137766): 0.062577): 0.025239, (9: 0.093077, (12: 0.308254, (11: 1.985711, (2: 0.647281, 1: 0.000005): 1.142815): 0.557774): 0.052607): 0.043370): 0.025236): 0.050270): 0.224620): 0.639093): 0.207330): 0.024689);

(tr_H0ZT85_H0ZT85_TAEGU_Mo: 0.285392, tr_G1NNG1_G1NNG1_MELGA_Ch: 0.230701, (tr_A0A8B9SSG6_A0A8B9SSG6_: 0.084062, (tr_A0A8C3F9M1_A0A8C3F9M1_: 0.121218, (tr_F7A481_F7A481_ORNAN_Ch: 0.242988, (tr_E1BH62_E1BH62_BOVIN_Ch: 0.000004, (tr_F1RPV4_F1RPV4_PIG_Chem: 0.000004, ((tr_A0A3Q2IDW7_A0A3Q2IDW7_: 0.024984, ((1j8i_chainA_p012: 0.000004, sp_P47992_XCL1_HUMAN_Lymp: 0.000004): 0.136643, (sp_P47993_XCL1_MOUSE_Lymp: 0.153223, sp_P51672_XCL1_RAT_Lympho: 0.027672): 0.137766): 0.062577): 0.025239, (tr_A0A8C0PT44_A0A8C0PT44_: 0.093077, (tr_F6PM94_F6PM94_MONDO_Cy: 0.308254, (tr_A0A8M1P631_A0A8M1P631_: 1.985711, (sp_P97884_CCL20_RAT_C-C_m: 0.647281, sp_P78556_CCL20_HUMAN_C-C: 0.000005): 1.142815): 0.557774): 0.052607): 0.043370): 0.025236): 0.050270): 0.224620): 0.639093): 0.207330): 0.024689);

Detailed output identifying parameters

alpha (gamma, K = 4) =  3.49536
rate:   0.42429  0.75573  1.08407  1.73592
freq:   0.25000  0.25000  0.25000  0.25000
